<?xml version="1.0" encoding="UTF-8"?>
<testng-results ignored="0" total="1" passed="1" failed="0" skipped="0">
  <reporter-output>
  </reporter-output>
  <suite started-at="2023-12-01T10:57:18 IST" name="Suite" finished-at="2023-12-01T10:57:27 IST" duration-ms="9853">
    <groups>
    </groups>
    <test started-at="2023-12-01T10:57:18 IST" name="Test" finished-at="2023-12-01T10:57:27 IST" duration-ms="9853">
      <class name="testcases.tc_001_new_registeration">
        <test-method is-config="true" signature="setup(java.lang.String)[pri:0, instance:testcases.tc_001_new_registeration@18078bef]" started-at="2023-12-01T10:57:18 IST" name="setup" finished-at="2023-12-01T10:57:25 IST" duration-ms="6779" status="PASS">
          <params>
            <param index="0">
              <value>
                <![CDATA[chrome]]>
              </value>
            </param>
          </params>
          <reporter-output>
          </reporter-output>
        </test-method> <!-- setup -->
        <test-method signature="oc_new_registration()[pri:0, instance:testcases.tc_001_new_registeration@18078bef]" started-at="2023-12-01T10:57:25 IST" name="oc_new_registration" finished-at="2023-12-01T10:57:27 IST" duration-ms="2052" status="PASS">
          <reporter-output>
          </reporter-output>
        </test-method> <!-- oc_new_registration -->
        <test-method is-config="true" signature="close()[pri:0, instance:testcases.tc_001_new_registeration@18078bef]" started-at="2023-12-01T10:57:27 IST" name="close" finished-at="2023-12-01T10:57:27 IST" duration-ms="191" status="PASS">
          <reporter-output>
          </reporter-output>
        </test-method> <!-- close -->
      </class> <!-- testcases.tc_001_new_registeration -->
    </test> <!-- Test -->
  </suite> <!-- Suite -->
</testng-results>
